17.12.2023-3:26:18.532,5301702772778530,500,SERVER,ss is not defined,ReferenceError: ss is not defined
    at GetSystem (D:\RESTful template\server\Controllers\InfoController.js:7:13)
    at Layer.handle [as handle_request] (D:\RESTful template\server\node_modules\express\lib\router\layer.js:95:5)
    at next (D:\RESTful template\server\node_modules\express\lib\router\route.js:144:13)
    at Route.dispatch (D:\RESTful template\server\node_modules\express\lib\router\route.js:114:3)
    at Layer.handle [as handle_request] (D:\RESTful template\server\node_modules\express\lib\router\layer.js:95:5)
    at D:\RESTful template\server\node_modules\express\lib\router\index.js:284:15
    at Function.process_params (D:\RESTful template\server\node_modules\express\lib\router\index.js:346:12)
    at next (D:\RESTful template\server\node_modules\express\lib\router\index.js:280:10)
    at Function.handle (D:\RESTful template\server\node_modules\express\lib\router\index.js:175:3)
    at router (D:\RESTful template\server\node_modules\express\lib\router\index.js:47:12)
17.12.2023-3:29:40.797,7951702772980795,500,SERVER,ss is not defined,ReferenceError: ss is not defined
    at GetSystem (D:\RESTful template\server\Controllers\InfoController.js:7:13)
    at Layer.handle [as handle_request] (D:\RESTful template\server\node_modules\express\lib\router\layer.js:95:5)
    at next (D:\RESTful template\server\node_modules\express\lib\router\route.js:144:13)
    at Route.dispatch (D:\RESTful template\server\node_modules\express\lib\router\route.js:114:3)
    at Layer.handle [as handle_request] (D:\RESTful template\server\node_modules\express\lib\router\layer.js:95:5)
    at D:\RESTful template\server\node_modules\express\lib\router\index.js:284:15
    at Function.process_params (D:\RESTful template\server\node_modules\express\lib\router\index.js:346:12)
    at next (D:\RESTful template\server\node_modules\express\lib\router\index.js:280:10)
    at Function.handle (D:\RESTful template\server\node_modules\express\lib\router\index.js:175:3)
    at router (D:\RESTful template\server\node_modules\express\lib\router\index.js:47:12)
17.12.2023-3:30:22.85,831702773022083,500,SERVER,ss is not defined,ReferenceError: ss is not defined
    at GetSystem (D:\RESTful template\server\Controllers\InfoController.js:7:13)
    at Layer.handle [as handle_request] (D:\RESTful template\server\node_modules\express\lib\router\layer.js:95:5)
    at next (D:\RESTful template\server\node_modules\express\lib\router\route.js:144:13)
    at Route.dispatch (D:\RESTful template\server\node_modules\express\lib\router\route.js:114:3)
    at Layer.handle [as handle_request] (D:\RESTful template\server\node_modules\express\lib\router\layer.js:95:5)
    at D:\RESTful template\server\node_modules\express\lib\router\index.js:284:15
    at Function.process_params (D:\RESTful template\server\node_modules\express\lib\router\index.js:346:12)
    at next (D:\RESTful template\server\node_modules\express\lib\router\index.js:280:10)
    at Function.handle (D:\RESTful template\server\node_modules\express\lib\router\index.js:175:3)
    at router (D:\RESTful template\server\node_modules\express\lib\router\index.js:47:12)
17.12.2023-3:32:1.245,2441702773121244,500,SERVER,ss is not defined,ReferenceError: ss is not defined
    at GetSystem (D:\RESTful template\server\Controllers\InfoController.js:7:13)
    at Layer.handle [as handle_request] (D:\RESTful template\server\node_modules\express\lib\router\layer.js:95:5)
    at next (D:\RESTful template\server\node_modules\express\lib\router\route.js:144:13)
    at Route.dispatch (D:\RESTful template\server\node_modules\express\lib\router\route.js:114:3)
    at Layer.handle [as handle_request] (D:\RESTful template\server\node_modules\express\lib\router\layer.js:95:5)
    at D:\RESTful template\server\node_modules\express\lib\router\index.js:284:15
    at Function.process_params (D:\RESTful template\server\node_modules\express\lib\router\index.js:346:12)
    at next (D:\RESTful template\server\node_modules\express\lib\router\index.js:280:10)
    at Function.handle (D:\RESTful template\server\node_modules\express\lib\router\index.js:175:3)
    at router (D:\RESTful template\server\node_modules\express\lib\router\index.js:47:12)
17.12.2023-3:32:54.317,3151702773174315,500,SERVER,ss is not defined,ReferenceError: ss is not defined
    at GetSystem (D:\RESTful template\server\Controllers\InfoController.js:7:13)
    at Layer.handle [as handle_request] (D:\RESTful template\server\node_modules\express\lib\router\layer.js:95:5)
    at next (D:\RESTful template\server\node_modules\express\lib\router\route.js:144:13)
    at Route.dispatch (D:\RESTful template\server\node_modules\express\lib\router\route.js:114:3)
    at Layer.handle [as handle_request] (D:\RESTful template\server\node_modules\express\lib\router\layer.js:95:5)
    at D:\RESTful template\server\node_modules\express\lib\router\index.js:284:15
    at Function.process_params (D:\RESTful template\server\node_modules\express\lib\router\index.js:346:12)
    at next (D:\RESTful template\server\node_modules\express\lib\router\index.js:280:10)
    at Function.handle (D:\RESTful template\server\node_modules\express\lib\router\index.js:175:3)
    at router (D:\RESTful template\server\node_modules\express\lib\router\index.js:47:12)
17.12.2023-3:34:13.540,5391702773253539,500,SERVER,ss is not defined,ReferenceError: ss is not defined
    at GetSystem (D:\RESTful template\server\Controllers\InfoController.js:7:13)
    at Layer.handle [as handle_request] (D:\RESTful template\server\node_modules\express\lib\router\layer.js:95:5)
    at next (D:\RESTful template\server\node_modules\express\lib\router\route.js:144:13)
    at Route.dispatch (D:\RESTful template\server\node_modules\express\lib\router\route.js:114:3)
    at Layer.handle [as handle_request] (D:\RESTful template\server\node_modules\express\lib\router\layer.js:95:5)
    at D:\RESTful template\server\node_modules\express\lib\router\index.js:284:15
    at Function.process_params (D:\RESTful template\server\node_modules\express\lib\router\index.js:346:12)
    at next (D:\RESTful template\server\node_modules\express\lib\router\index.js:280:10)
    at Function.handle (D:\RESTful template\server\node_modules\express\lib\router\index.js:175:3)
    at router (D:\RESTful template\server\node_modules\express\lib\router\index.js:47:12)
